
Fri Nov 20 18:20:01 EST 2015 -- REBOOT: Users logged on, exiting.
Fri Nov 20 18:25:01 EST 2015 -- REBOOT: Users logged on, exiting.
Fri Nov 20 18:30:02 EST 2015 -- REBOOT: Users logged on, exiting.
Fri Nov 20 18:35:01 EST 2015 -- REBOOT: Users logged on, exiting.
Fri Nov 20 18:40:02 EST 2015 -- REBOOT: Users logged on, exiting.
Fri Nov 20 18:45:02 EST 2015 -- REBOOT: Users logged on, exiting.
Fri Nov 20 18:50:02 EST 2015 -- REBOOT: Users logged on, exiting.
Fri Nov 20 18:55:02 EST 2015 -- REBOOT: Users logged on, exiting.
Fri Nov 20 19:00:02 EST 2015 -- REBOOT: Users logged on, exiting.
Fri Nov 20 19:05:02 EST 2015 -- REBOOT: Users logged on, exiting.
Fri Nov 20 19:10:02 EST 2015 -- REBOOT: Users logged on, exiting.
Fri Nov 20 19:15:02 EST 2015 -- REBOOT: Users logged on, exiting.
Fri Nov 20 19:20:02 EST 2015 -- REBOOT: Users logged on, exiting.
Fri Nov 20 19:25:06 EST 2015 -- REBOOT: WiFi seems up
Fri Nov 20 19:30:06 EST 2015 -- REBOOT: WiFi seems up
Fri Nov 20 19:35:05 EST 2015 -- REBOOT: WiFi seems up
Fri Nov 20 19:40:06 EST 2015 -- REBOOT: WiFi seems up
Fri Nov 20 19:45:06 EST 2015 -- REBOOT: WiFi seems up
Fri Nov 20 19:50:05 EST 2015 -- REBOOT: WiFi seems up
Fri Nov 20 19:55:01 EST 2015 -- REBOOT: Users logged on, exiting.
Fri Nov 20 20:00:01 EST 2015 -- REBOOT: Users logged on, exiting.
Fri Nov 20 20:05:01 EST 2015 -- REBOOT: Users logged on, exiting.
Fri Nov 20 20:10:05 EST 2015 -- REBOOT: WiFi seems up
Fri Nov 20 20:15:05 EST 2015 -- REBOOT: WiFi seems up
Fri Nov 20 20:20:05 EST 2015 -- REBOOT: WiFi seems up
Fri Nov 20 20:25:04 EST 2015 -- REBOOT: WiFi seems up
Fri Nov 20 20:30:05 EST 2015 -- REBOOT: WiFi seems up
Fri Nov 20 20:35:02 EST 2015 -- REBOOT: Users logged on, exiting.
Fri Nov 20 20:40:06 EST 2015 -- REBOOT: WiFi seems up
Fri Nov 20 20:45:06 EST 2015 -- REBOOT: WiFi seems up
Fri Nov 20 20:50:05 EST 2015 -- REBOOT: WiFi seems up
Fri Nov 20 20:55:05 EST 2015 -- REBOOT: WiFi seems up
Fri Nov 20 21:00:06 EST 2015 -- REBOOT: WiFi seems up
Fri Nov 20 21:05:05 EST 2015 -- REBOOT: WiFi seems up
Fri Nov 20 21:10:06 EST 2015 -- REBOOT: WiFi seems up
Fri Nov 20 21:15:06 EST 2015 -- REBOOT: WiFi seems up
Fri Nov 20 21:20:06 EST 2015 -- REBOOT: WiFi seems up
Fri Nov 20 21:25:06 EST 2015 -- REBOOT: WiFi seems up
Fri Nov 20 21:30:05 EST 2015 -- REBOOT: WiFi seems up
Fri Nov 20 21:35:05 EST 2015 -- REBOOT: WiFi seems up
Fri Nov 20 21:40:05 EST 2015 -- REBOOT: WiFi seems up
Fri Nov 20 21:45:07 EST 2015 -- REBOOT: WiFi seems up
Fri Nov 20 21:50:05 EST 2015 -- REBOOT: WiFi seems up
Fri Nov 20 21:55:06 EST 2015 -- REBOOT: WiFi seems up
Fri Nov 20 22:00:05 EST 2015 -- REBOOT: WiFi seems up
Fri Nov 20 22:05:05 EST 2015 -- REBOOT: WiFi seems up
Fri Nov 20 22:10:06 EST 2015 -- REBOOT: WiFi seems up
Fri Nov 20 22:15:05 EST 2015 -- REBOOT: WiFi seems up
Fri Nov 20 22:20:06 EST 2015 -- REBOOT: WiFi seems up
Fri Nov 20 22:25:05 EST 2015 -- REBOOT: WiFi seems up
Fri Nov 20 22:30:06 EST 2015 -- REBOOT: WiFi seems up
Fri Nov 20 22:35:05 EST 2015 -- REBOOT: WiFi seems up
Fri Nov 20 22:40:05 EST 2015 -- REBOOT: WiFi seems up
Fri Nov 20 22:45:05 EST 2015 -- REBOOT: WiFi seems up
Fri Nov 20 22:50:04 EST 2015 -- REBOOT: WiFi seems up
Fri Nov 20 22:55:05 EST 2015 -- REBOOT: WiFi seems up
Fri Nov 20 23:00:06 EST 2015 -- REBOOT: WiFi seems up
Fri Nov 20 23:05:05 EST 2015 -- REBOOT: WiFi seems up
Fri Nov 20 23:10:05 EST 2015 -- REBOOT: WiFi seems up
Fri Nov 20 23:15:05 EST 2015 -- REBOOT: WiFi seems up
Fri Nov 20 23:20:05 EST 2015 -- REBOOT: WiFi seems up
Fri Nov 20 23:25:06 EST 2015 -- REBOOT: WiFi seems up
Fri Nov 20 23:30:05 EST 2015 -- REBOOT: WiFi seems up
Fri Nov 20 23:35:05 EST 2015 -- REBOOT: WiFi seems up
Fri Nov 20 23:40:05 EST 2015 -- REBOOT: WiFi seems up
Fri Nov 20 23:45:05 EST 2015 -- REBOOT: WiFi seems up
Fri Nov 20 23:50:06 EST 2015 -- REBOOT: WiFi seems up
Fri Nov 20 23:55:05 EST 2015 -- REBOOT: WiFi seems up
Sat Nov 21 00:00:06 EST 2015 -- REBOOT: WiFi seems up
Sat Nov 21 00:05:05 EST 2015 -- REBOOT: WiFi seems up
Sat Nov 21 00:10:06 EST 2015 -- REBOOT: WiFi seems up
Sat Nov 21 00:15:06 EST 2015 -- REBOOT: WiFi seems up
Sat Nov 21 00:20:06 EST 2015 -- REBOOT: WiFi seems up
Sat Nov 21 00:25:05 EST 2015 -- REBOOT: WiFi seems up
Sat Nov 21 00:30:06 EST 2015 -- REBOOT: WiFi seems up
Sat Nov 21 00:35:05 EST 2015 -- REBOOT: WiFi seems up
Sat Nov 21 00:40:05 EST 2015 -- REBOOT: WiFi seems up
Sat Nov 21 00:45:05 EST 2015 -- REBOOT: WiFi seems up
Sat Nov 21 00:50:05 EST 2015 -- REBOOT: WiFi seems up
Sat Nov 21 00:55:05 EST 2015 -- REBOOT: WiFi seems up
Sat Nov 21 01:00:06 EST 2015 -- REBOOT: WiFi seems up
Sat Nov 21 01:05:05 EST 2015 -- REBOOT: WiFi seems up
Sat Nov 21 01:10:05 EST 2015 -- REBOOT: WiFi seems up
Sat Nov 21 01:15:05 EST 2015 -- REBOOT: WiFi seems up
Sat Nov 21 01:20:06 EST 2015 -- REBOOT: WiFi seems up
Sat Nov 21 01:25:04 EST 2015 -- REBOOT: WiFi seems up
Sat Nov 21 01:30:05 EST 2015 -- REBOOT: WiFi seems up
Sat Nov 21 01:35:06 EST 2015 -- REBOOT: WiFi seems up
Sat Nov 21 01:40:06 EST 2015 -- REBOOT: WiFi seems up
Sat Nov 21 01:45:05 EST 2015 -- REBOOT: WiFi seems up
Sat Nov 21 01:50:05 EST 2015 -- REBOOT: WiFi seems up
Sat Nov 21 01:55:06 EST 2015 -- REBOOT: WiFi seems up
Sat Nov 21 02:00:06 EST 2015 -- REBOOT: WiFi seems up
Sat Nov 21 02:05:05 EST 2015 -- REBOOT: WiFi seems up
Sat Nov 21 02:10:05 EST 2015 -- REBOOT: WiFi seems up
Sat Nov 21 02:15:05 EST 2015 -- REBOOT: WiFi seems up
Sat Nov 21 02:20:06 EST 2015 -- REBOOT: WiFi seems up
Sat Nov 21 02:25:05 EST 2015 -- REBOOT: WiFi seems up
Sat Nov 21 02:30:05 EST 2015 -- REBOOT: WiFi seems up
Sat Nov 21 02:35:06 EST 2015 -- REBOOT: WiFi seems up
Sat Nov 21 02:40:05 EST 2015 -- REBOOT: WiFi seems up
Sat Nov 21 02:45:05 EST 2015 -- REBOOT: WiFi seems up
Sat Nov 21 02:50:05 EST 2015 -- REBOOT: WiFi seems up
Sat Nov 21 02:55:05 EST 2015 -- REBOOT: WiFi seems up
Sat Nov 21 03:00:05 EST 2015 -- REBOOT: WiFi seems up
Sat Nov 21 03:05:05 EST 2015 -- REBOOT: WiFi seems up
Sat Nov 21 03:10:05 EST 2015 -- REBOOT: WiFi seems up
Sat Nov 21 03:15:04 EST 2015 -- REBOOT: WiFi seems up
Sat Nov 21 03:20:06 EST 2015 -- REBOOT: WiFi seems up
Sat Nov 21 03:25:05 EST 2015 -- REBOOT: WiFi seems up
Sat Nov 21 03:30:05 EST 2015 -- REBOOT: WiFi seems up
Sat Nov 21 03:35:05 EST 2015 -- REBOOT: WiFi seems up
Sat Nov 21 03:40:05 EST 2015 -- REBOOT: WiFi seems up
Sat Nov 21 03:45:05 EST 2015 -- REBOOT: WiFi seems up
Sat Nov 21 03:50:05 EST 2015 -- REBOOT: WiFi seems up
Sat Nov 21 03:55:05 EST 2015 -- REBOOT: WiFi seems up
Sat Nov 21 04:00:06 EST 2015 -- REBOOT: WiFi seems up
Sat Nov 21 04:05:06 EST 2015 -- REBOOT: WiFi seems up
Sat Nov 21 04:10:05 EST 2015 -- REBOOT: WiFi seems up
Sat Nov 21 04:15:06 EST 2015 -- REBOOT: WiFi seems up
Sat Nov 21 04:20:05 EST 2015 -- REBOOT: WiFi seems up
Sat Nov 21 04:25:05 EST 2015 -- REBOOT: WiFi seems up
Sat Nov 21 04:30:06 EST 2015 -- REBOOT: WiFi seems up
Sat Nov 21 04:35:05 EST 2015 -- REBOOT: WiFi seems up
Sat Nov 21 04:40:06 EST 2015 -- REBOOT: WiFi seems up
Sat Nov 21 04:45:05 EST 2015 -- REBOOT: WiFi seems up
Sat Nov 21 04:50:06 EST 2015 -- REBOOT: WiFi seems up
Sat Nov 21 04:55:05 EST 2015 -- REBOOT: WiFi seems up
Sat Nov 21 05:00:05 EST 2015 -- REBOOT: WiFi seems up
Sat Nov 21 05:05:06 EST 2015 -- REBOOT: WiFi seems up
Sat Nov 21 05:10:06 EST 2015 -- REBOOT: WiFi seems up
Sat Nov 21 05:15:05 EST 2015 -- REBOOT: WiFi seems up
Sat Nov 21 05:20:06 EST 2015 -- REBOOT: WiFi seems up
Sat Nov 21 05:25:05 EST 2015 -- REBOOT: WiFi seems up
Sat Nov 21 05:30:05 EST 2015 -- REBOOT: WiFi seems up
Sat Nov 21 05:35:05 EST 2015 -- REBOOT: WiFi seems up
Sat Nov 21 05:40:06 EST 2015 -- REBOOT: WiFi seems up
Sat Nov 21 05:45:05 EST 2015 -- REBOOT: WiFi seems up
Sat Nov 21 05:50:06 EST 2015 -- REBOOT: WiFi seems up
Sat Nov 21 05:55:05 EST 2015 -- REBOOT: WiFi seems up
Sat Nov 21 06:00:06 EST 2015 -- REBOOT: WiFi seems up
Sat Nov 21 06:05:05 EST 2015 -- REBOOT: WiFi seems up
Sat Nov 21 06:10:04 EST 2015 -- REBOOT: WiFi seems up
Sat Nov 21 06:15:06 EST 2015 -- REBOOT: WiFi seems up
Sat Nov 21 06:20:05 EST 2015 -- REBOOT: WiFi seems up
Sat Nov 21 06:25:07 EST 2015 -- REBOOT: WiFi seems up
Sat Nov 21 06:30:06 EST 2015 -- REBOOT: WiFi seems up
Sat Nov 21 06:35:06 EST 2015 -- REBOOT: WiFi seems up
Sat Nov 21 06:40:05 EST 2015 -- REBOOT: WiFi seems up
Sat Nov 21 06:45:05 EST 2015 -- REBOOT: WiFi seems up
Sat Nov 21 06:50:05 EST 2015 -- REBOOT: WiFi seems up
Sat Nov 21 06:55:06 EST 2015 -- REBOOT: WiFi seems up
Sat Nov 21 07:00:06 EST 2015 -- REBOOT: WiFi seems up
Sat Nov 21 07:05:06 EST 2015 -- REBOOT: WiFi seems up
Sat Nov 21 07:10:05 EST 2015 -- REBOOT: WiFi seems up
Sat Nov 21 07:15:06 EST 2015 -- REBOOT: WiFi seems up
Sat Nov 21 07:20:06 EST 2015 -- REBOOT: WiFi seems up
Sat Nov 21 07:25:05 EST 2015 -- REBOOT: WiFi seems up
Sat Nov 21 07:30:05 EST 2015 -- REBOOT: WiFi seems up
Sat Nov 21 07:35:05 EST 2015 -- REBOOT: WiFi seems up
Sat Nov 21 07:40:05 EST 2015 -- REBOOT: WiFi seems up
Sat Nov 21 07:45:06 EST 2015 -- REBOOT: WiFi seems up
Sat Nov 21 07:50:06 EST 2015 -- REBOOT: WiFi seems up
Sat Nov 21 07:55:05 EST 2015 -- REBOOT: WiFi seems up
Sat Nov 21 08:00:06 EST 2015 -- REBOOT: WiFi seems up
Sat Nov 21 08:05:05 EST 2015 -- REBOOT: WiFi seems up
Sat Nov 21 08:10:05 EST 2015 -- REBOOT: WiFi seems up
Sat Nov 21 08:15:05 EST 2015 -- REBOOT: WiFi seems up
Sat Nov 21 08:20:05 EST 2015 -- REBOOT: WiFi seems up
Sat Nov 21 08:25:06 EST 2015 -- REBOOT: WiFi seems up
Sat Nov 21 08:30:05 EST 2015 -- REBOOT: WiFi seems up
Sat Nov 21 08:35:05 EST 2015 -- REBOOT: WiFi seems up
Sat Nov 21 08:40:05 EST 2015 -- REBOOT: WiFi seems up
Sat Nov 21 08:45:05 EST 2015 -- REBOOT: WiFi seems up
Sat Nov 21 08:50:05 EST 2015 -- REBOOT: WiFi seems up
Sat Nov 21 08:55:05 EST 2015 -- REBOOT: WiFi seems up
Sat Nov 21 09:00:06 EST 2015 -- REBOOT: WiFi seems up
Sat Nov 21 09:05:06 EST 2015 -- REBOOT: WiFi seems up
Sat Nov 21 09:10:05 EST 2015 -- REBOOT: WiFi seems up
Sat Nov 21 09:15:06 EST 2015 -- REBOOT: WiFi seems up
Sat Nov 21 09:20:06 EST 2015 -- REBOOT: WiFi seems up
Sat Nov 21 09:25:06 EST 2015 -- REBOOT: WiFi seems up
Sat Nov 21 09:30:06 EST 2015 -- REBOOT: WiFi seems up
Sat Nov 21 09:35:05 EST 2015 -- REBOOT: WiFi seems up
Sat Nov 21 09:40:05 EST 2015 -- REBOOT: WiFi seems up
Sat Nov 21 09:45:05 EST 2015 -- REBOOT: WiFi seems up
Sat Nov 21 09:50:06 EST 2015 -- REBOOT: WiFi seems up
Sat Nov 21 09:55:04 EST 2015 -- REBOOT: WiFi seems up
Sat Nov 21 10:00:05 EST 2015 -- REBOOT: WiFi seems up
Sat Nov 21 10:05:05 EST 2015 -- REBOOT: WiFi seems up
Sat Nov 21 10:10:06 EST 2015 -- REBOOT: WiFi seems up
Sat Nov 21 10:15:06 EST 2015 -- REBOOT: WiFi seems up
Sat Nov 21 10:20:07 EST 2015 -- REBOOT: WiFi seems up
Sat Nov 21 10:25:06 EST 2015 -- REBOOT: WiFi seems up
Sat Nov 21 10:30:05 EST 2015 -- REBOOT: WiFi seems up
Sat Nov 21 10:35:05 EST 2015 -- REBOOT: WiFi seems up
Sat Nov 21 10:40:05 EST 2015 -- REBOOT: WiFi seems up
Sat Nov 21 10:45:06 EST 2015 -- REBOOT: WiFi seems up
Sat Nov 21 10:50:06 EST 2015 -- REBOOT: WiFi seems up
Sat Nov 21 10:55:06 EST 2015 -- REBOOT: WiFi seems up
Sat Nov 21 11:00:05 EST 2015 -- REBOOT: WiFi seems up
Sat Nov 21 11:05:06 EST 2015 -- REBOOT: WiFi seems up
Sat Nov 21 11:10:05 EST 2015 -- REBOOT: WiFi seems up
Sat Nov 21 11:15:05 EST 2015 -- REBOOT: WiFi seems up
Sat Nov 21 11:20:05 EST 2015 -- REBOOT: WiFi seems up
Sat Nov 21 11:25:07 EST 2015 -- REBOOT: WiFi seems up
Sat Nov 21 11:30:05 EST 2015 -- REBOOT: WiFi seems up
Sat Nov 21 11:35:05 EST 2015 -- REBOOT: WiFi seems up
Sat Nov 21 11:40:06 EST 2015 -- REBOOT: WiFi seems up
Sat Nov 21 11:45:05 EST 2015 -- REBOOT: WiFi seems up
Sat Nov 21 11:50:05 EST 2015 -- REBOOT: WiFi seems up
Sat Nov 21 11:55:05 EST 2015 -- REBOOT: WiFi seems up
Sat Nov 21 12:00:05 EST 2015 -- REBOOT: WiFi seems up
Sat Nov 21 12:05:05 EST 2015 -- REBOOT: WiFi seems up
Sat Nov 21 12:10:05 EST 2015 -- REBOOT: WiFi seems up
Sat Nov 21 12:15:05 EST 2015 -- REBOOT: WiFi seems up
Sat Nov 21 12:20:06 EST 2015 -- REBOOT: WiFi seems up
Sat Nov 21 12:25:06 EST 2015 -- REBOOT: WiFi seems up
Sat Nov 21 12:30:05 EST 2015 -- REBOOT: WiFi seems up
Sat Nov 21 12:35:06 EST 2015 -- REBOOT: WiFi seems up
Sat Nov 21 12:40:06 EST 2015 -- REBOOT: WiFi seems up
Sat Nov 21 12:45:05 EST 2015 -- REBOOT: WiFi seems up
Sat Nov 21 12:50:05 EST 2015 -- REBOOT: WiFi seems up
Sat Nov 21 12:55:05 EST 2015 -- REBOOT: WiFi seems up
Sat Nov 21 13:00:06 EST 2015 -- REBOOT: WiFi seems up
Sat Nov 21 13:05:05 EST 2015 -- REBOOT: WiFi seems up
Sat Nov 21 13:10:06 EST 2015 -- REBOOT: WiFi seems up
Sat Nov 21 13:15:05 EST 2015 -- REBOOT: WiFi seems up
Sat Nov 21 13:20:05 EST 2015 -- REBOOT: WiFi seems up
Sat Nov 21 13:25:06 EST 2015 -- REBOOT: WiFi seems up
Sat Nov 21 13:30:05 EST 2015 -- REBOOT: WiFi seems up
Sat Nov 21 13:35:05 EST 2015 -- REBOOT: WiFi seems up
Sat Nov 21 13:40:05 EST 2015 -- REBOOT: WiFi seems up
Sat Nov 21 13:45:06 EST 2015 -- REBOOT: WiFi seems up
Sat Nov 21 13:50:05 EST 2015 -- REBOOT: WiFi seems up
Sat Nov 21 13:55:06 EST 2015 -- REBOOT: WiFi seems up
Sat Nov 21 14:00:06 EST 2015 -- REBOOT: WiFi seems up
Sat Nov 21 14:05:05 EST 2015 -- REBOOT: WiFi seems up
Sat Nov 21 14:10:06 EST 2015 -- REBOOT: WiFi seems up
Sat Nov 21 14:15:05 EST 2015 -- REBOOT: WiFi seems up
Sat Nov 21 14:20:02 EST 2015 -- REBOOT: Users logged on, exiting.
Sat Nov 21 14:25:06 EST 2015 -- REBOOT: WiFi seems up
Sat Nov 21 14:30:05 EST 2015 -- REBOOT: WiFi seems up
Sat Nov 21 14:35:05 EST 2015 -- REBOOT: WiFi seems up
Sat Nov 21 14:40:06 EST 2015 -- REBOOT: WiFi seems up
Sat Nov 21 14:45:07 EST 2015 -- REBOOT: WiFi seems up
Sat Nov 21 14:50:05 EST 2015 -- REBOOT: WiFi seems up
Sat Nov 21 14:55:05 EST 2015 -- REBOOT: WiFi seems up
Sat Nov 21 15:00:05 EST 2015 -- REBOOT: WiFi seems up
Sat Nov 21 15:05:06 EST 2015 -- REBOOT: WiFi seems up
Sat Nov 21 15:10:04 EST 2015 -- REBOOT: WiFi seems up
Sat Nov 21 15:15:06 EST 2015 -- REBOOT: WiFi seems up
Sat Nov 21 15:20:05 EST 2015 -- REBOOT: WiFi seems up
Sat Nov 21 15:25:04 EST 2015 -- REBOOT: WiFi seems up
Sat Nov 21 15:30:06 EST 2015 -- REBOOT: WiFi seems up
Sat Nov 21 15:35:04 EST 2015 -- REBOOT: WiFi seems up
Sat Nov 21 15:40:06 EST 2015 -- REBOOT: WiFi seems up
Sat Nov 21 15:45:05 EST 2015 -- REBOOT: WiFi seems up
Sat Nov 21 15:50:05 EST 2015 -- REBOOT: WiFi seems up
Sat Nov 21 15:55:06 EST 2015 -- REBOOT: WiFi seems up
Sat Nov 21 16:00:05 EST 2015 -- REBOOT: WiFi seems up
Sat Nov 21 16:05:06 EST 2015 -- REBOOT: WiFi seems up
Sat Nov 21 16:10:05 EST 2015 -- REBOOT: WiFi seems up
Sat Nov 21 16:15:01 EST 2015 -- REBOOT: Users logged on, exiting.
Sat Nov 21 16:20:05 EST 2015 -- REBOOT: WiFi seems up
Sat Nov 21 16:25:05 EST 2015 -- REBOOT: WiFi seems up
Sat Nov 21 16:30:05 EST 2015 -- REBOOT: WiFi seems up
Sat Nov 21 16:35:05 EST 2015 -- REBOOT: WiFi seems up
Sat Nov 21 16:40:05 EST 2015 -- REBOOT: WiFi seems up
Sat Nov 21 16:45:05 EST 2015 -- REBOOT: WiFi seems up
Sat Nov 21 16:50:06 EST 2015 -- REBOOT: WiFi seems up
Sat Nov 21 16:55:05 EST 2015 -- REBOOT: WiFi seems up
Sat Nov 21 17:00:06 EST 2015 -- REBOOT: WiFi seems up
Sat Nov 21 17:05:05 EST 2015 -- REBOOT: WiFi seems up
Sat Nov 21 17:10:04 EST 2015 -- REBOOT: WiFi seems up
Sat Nov 21 17:15:05 EST 2015 -- REBOOT: WiFi seems up
Sat Nov 21 17:20:05 EST 2015 -- REBOOT: WiFi seems up
Sat Nov 21 17:25:04 EST 2015 -- REBOOT: WiFi seems up
Sat Nov 21 17:30:05 EST 2015 -- REBOOT: WiFi seems up
Sat Nov 21 17:35:05 EST 2015 -- REBOOT: WiFi seems up
Sat Nov 21 17:40:05 EST 2015 -- REBOOT: WiFi seems up
Sat Nov 21 17:45:05 EST 2015 -- REBOOT: WiFi seems up
Sat Nov 21 17:50:05 EST 2015 -- REBOOT: WiFi seems up
Sat Nov 21 17:55:04 EST 2015 -- REBOOT: WiFi seems up
Sat Nov 21 18:00:05 EST 2015 -- REBOOT: WiFi seems up
Sat Nov 21 18:05:05 EST 2015 -- REBOOT: WiFi seems up
Sat Nov 21 18:10:04 EST 2015 -- REBOOT: WiFi seems up
Sat Nov 21 18:15:05 EST 2015 -- REBOOT: WiFi seems up
Sat Nov 21 18:20:06 EST 2015 -- REBOOT: WiFi seems up
Sat Nov 21 18:25:05 EST 2015 -- REBOOT: WiFi seems up
Sat Nov 21 18:30:04 EST 2015 -- REBOOT: WiFi seems up
Sat Nov 21 18:35:05 EST 2015 -- REBOOT: WiFi seems up
Sat Nov 21 18:40:05 EST 2015 -- REBOOT: WiFi seems up
Sat Nov 21 18:45:05 EST 2015 -- REBOOT: WiFi seems up
Sat Nov 21 18:50:04 EST 2015 -- REBOOT: WiFi seems up
Sat Nov 21 18:55:05 EST 2015 -- REBOOT: WiFi seems up
Sat Nov 21 19:00:05 EST 2015 -- REBOOT: WiFi seems up
Sat Nov 21 19:05:04 EST 2015 -- REBOOT: WiFi seems up
Sat Nov 21 19:10:05 EST 2015 -- REBOOT: WiFi seems up
Sat Nov 21 19:15:05 EST 2015 -- REBOOT: WiFi seems up
Sat Nov 21 19:20:04 EST 2015 -- REBOOT: WiFi seems up
Sat Nov 21 19:25:05 EST 2015 -- REBOOT: WiFi seems up
Sat Nov 21 19:30:05 EST 2015 -- REBOOT: WiFi seems up
Sat Nov 21 19:35:05 EST 2015 -- REBOOT: WiFi seems up
Sat Nov 21 19:40:05 EST 2015 -- REBOOT: WiFi seems up
Sat Nov 21 19:45:01 EST 2015 -- REBOOT: Users logged on, exiting.
Sat Nov 21 19:50:02 EST 2015 -- REBOOT: Users logged on, exiting.
Sat Nov 21 19:55:01 EST 2015 -- REBOOT: Users logged on, exiting.
Sat Nov 21 20:00:02 EST 2015 -- REBOOT: Users logged on, exiting.
Sat Nov 21 20:05:01 EST 2015 -- REBOOT: Users logged on, exiting.
Sat Nov 21 20:10:01 EST 2015 -- REBOOT: Users logged on, exiting.
Sat Nov 21 20:15:01 EST 2015 -- REBOOT: Users logged on, exiting.
Sat Nov 21 20:20:01 EST 2015 -- REBOOT: Users logged on, exiting.
Sat Nov 21 20:25:01 EST 2015 -- REBOOT: Users logged on, exiting.
Sat Nov 21 20:30:02 EST 2015 -- REBOOT: Users logged on, exiting.
Sat Nov 21 20:35:01 EST 2015 -- REBOOT: Users logged on, exiting.
Sat Nov 21 20:40:02 EST 2015 -- REBOOT: Users logged on, exiting.
Sat Nov 21 20:45:01 EST 2015 -- REBOOT: Users logged on, exiting.
Sat Nov 21 20:50:01 EST 2015 -- REBOOT: Users logged on, exiting.
Sat Nov 21 20:55:01 EST 2015 -- REBOOT: Users logged on, exiting.
Sat Nov 21 21:00:01 EST 2015 -- REBOOT: Users logged on, exiting.
Sat Nov 21 21:05:01 EST 2015 -- REBOOT: Users logged on, exiting.
Sat Nov 21 21:10:01 EST 2015 -- REBOOT: Users logged on, exiting.
Sat Nov 21 21:15:02 EST 2015 -- REBOOT: Users logged on, exiting.
Sat Nov 21 21:20:02 EST 2015 -- REBOOT: Users logged on, exiting.
Sat Nov 21 21:25:02 EST 2015 -- REBOOT: Users logged on, exiting.
Sat Nov 21 21:30:01 EST 2015 -- REBOOT: Users logged on, exiting.
Sat Nov 21 21:35:02 EST 2015 -- REBOOT: Users logged on, exiting.
Sat Nov 21 21:40:01 EST 2015 -- REBOOT: Users logged on, exiting.
Sat Nov 21 21:45:02 EST 2015 -- REBOOT: Users logged on, exiting.
Sat Nov 21 21:50:01 EST 2015 -- REBOOT: Users logged on, exiting.
Sat Nov 21 21:55:01 EST 2015 -- REBOOT: Users logged on, exiting.
Sat Nov 21 22:00:02 EST 2015 -- REBOOT: Users logged on, exiting.
Sat Nov 21 22:05:01 EST 2015 -- REBOOT: Users logged on, exiting.
Sat Nov 21 22:10:02 EST 2015 -- REBOOT: Users logged on, exiting.
Sat Nov 21 22:15:01 EST 2015 -- REBOOT: Users logged on, exiting.
Sun Nov 22 01:45:05 EST 2015 -- REBOOT: WiFi seems up
Sun Nov 22 01:50:04 EST 2015 -- REBOOT: WiFi seems up
Sun Nov 22 01:55:04 EST 2015 -- REBOOT: WiFi seems up
Sun Nov 22 03:30:05 EST 2015 -- REBOOT: WiFi seems up
Sun Nov 22 03:35:04 EST 2015 -- REBOOT: WiFi seems up
Sun Nov 22 03:40:01 EST 2015 -- REBOOT: Users logged on, exiting.
Sun Nov 22 03:45:05 EST 2015 -- REBOOT: WiFi seems up
Sun Nov 22 03:50:05 EST 2015 -- REBOOT: WiFi seems up
Sun Nov 22 03:55:05 EST 2015 -- REBOOT: WiFi seems up
Sun Nov 22 04:00:05 EST 2015 -- REBOOT: WiFi seems up
Sun Nov 22 04:05:05 EST 2015 -- REBOOT: WiFi seems up
Sun Nov 22 04:10:05 EST 2015 -- REBOOT: WiFi seems up
Sun Nov 22 04:15:05 EST 2015 -- REBOOT: WiFi seems up
Sun Nov 22 04:20:05 EST 2015 -- REBOOT: WiFi seems up
Sun Nov 22 04:25:05 EST 2015 -- REBOOT: WiFi seems up
Sun Nov 22 04:30:05 EST 2015 -- REBOOT: WiFi seems up
Sun Nov 22 04:35:05 EST 2015 -- REBOOT: WiFi seems up
Sun Nov 22 04:40:05 EST 2015 -- REBOOT: WiFi seems up
Sun Nov 22 04:45:05 EST 2015 -- REBOOT: WiFi seems up
Sun Nov 22 04:50:05 EST 2015 -- REBOOT: WiFi seems up
Sun Nov 22 04:55:05 EST 2015 -- REBOOT: WiFi seems up
Sun Nov 22 05:00:05 EST 2015 -- REBOOT: WiFi seems up
Sun Nov 22 05:05:05 EST 2015 -- REBOOT: WiFi seems up
Sun Nov 22 05:10:05 EST 2015 -- REBOOT: WiFi seems up
Sun Nov 22 05:15:04 EST 2015 -- REBOOT: WiFi seems up
Sun Nov 22 05:20:05 EST 2015 -- REBOOT: WiFi seems up
Sun Nov 22 05:25:05 EST 2015 -- REBOOT: WiFi seems up
Sun Nov 22 05:30:05 EST 2015 -- REBOOT: WiFi seems up
Sun Nov 22 05:35:04 EST 2015 -- REBOOT: WiFi seems up
Sun Nov 22 05:40:05 EST 2015 -- REBOOT: WiFi seems up
Sun Nov 22 05:45:05 EST 2015 -- REBOOT: WiFi seems up
Sun Nov 22 05:50:05 EST 2015 -- REBOOT: WiFi seems up
Sun Nov 22 05:55:04 EST 2015 -- REBOOT: WiFi seems up
Sun Nov 22 06:00:04 EST 2015 -- REBOOT: WiFi seems up
Sun Nov 22 06:05:04 EST 2015 -- REBOOT: WiFi seems up
Sun Nov 22 06:10:05 EST 2015 -- REBOOT: WiFi seems up
Sun Nov 22 06:15:04 EST 2015 -- REBOOT: WiFi seems up
Sun Nov 22 06:20:05 EST 2015 -- REBOOT: WiFi seems up
Sun Nov 22 06:25:04 EST 2015 -- REBOOT: WiFi seems up
Sun Nov 22 06:30:04 EST 2015 -- REBOOT: WiFi seems up
Sun Nov 22 06:35:04 EST 2015 -- REBOOT: WiFi seems up
Sun Nov 22 06:40:04 EST 2015 -- REBOOT: WiFi seems up
Sun Nov 22 06:45:04 EST 2015 -- REBOOT: WiFi seems up
Sun Nov 22 06:50:04 EST 2015 -- REBOOT: WiFi seems up
Sun Nov 22 06:55:04 EST 2015 -- REBOOT: WiFi seems up
Sun Nov 22 07:00:05 EST 2015 -- REBOOT: WiFi seems up
Sun Nov 22 07:05:04 EST 2015 -- REBOOT: WiFi seems up
Sun Nov 22 07:10:05 EST 2015 -- REBOOT: WiFi seems up
Sun Nov 22 07:15:04 EST 2015 -- REBOOT: WiFi seems up
Sun Nov 22 07:20:04 EST 2015 -- REBOOT: WiFi seems up
Sun Nov 22 07:25:04 EST 2015 -- REBOOT: WiFi seems up
Sun Nov 22 07:30:04 EST 2015 -- REBOOT: WiFi seems up
Sun Nov 22 07:35:05 EST 2015 -- REBOOT: WiFi seems up
Sun Nov 22 07:40:04 EST 2015 -- REBOOT: WiFi seems up
Sun Nov 22 07:45:04 EST 2015 -- REBOOT: WiFi seems up
Sun Nov 22 07:50:04 EST 2015 -- REBOOT: WiFi seems up
Sun Nov 22 07:55:05 EST 2015 -- REBOOT: WiFi seems up
Sun Nov 22 08:00:04 EST 2015 -- REBOOT: WiFi seems up
Sun Nov 22 08:05:04 EST 2015 -- REBOOT: WiFi seems up
Sun Nov 22 08:10:04 EST 2015 -- REBOOT: WiFi seems up
Sun Nov 22 08:15:04 EST 2015 -- REBOOT: WiFi seems up
Sun Nov 22 08:20:05 EST 2015 -- REBOOT: WiFi seems up
Sun Nov 22 08:25:04 EST 2015 -- REBOOT: WiFi seems up
Sun Nov 22 08:30:04 EST 2015 -- REBOOT: WiFi seems up
Sun Nov 22 08:35:04 EST 2015 -- REBOOT: WiFi seems up
Sun Nov 22 08:40:04 EST 2015 -- REBOOT: WiFi seems up
Sun Nov 22 08:45:05 EST 2015 -- REBOOT: WiFi seems up
Sun Nov 22 08:50:04 EST 2015 -- REBOOT: WiFi seems up
Sun Nov 22 08:55:04 EST 2015 -- REBOOT: WiFi seems up
Sun Nov 22 09:00:05 EST 2015 -- REBOOT: WiFi seems up
Sun Nov 22 09:05:04 EST 2015 -- REBOOT: WiFi seems up
Sun Nov 22 09:10:05 EST 2015 -- REBOOT: WiFi seems up
Sun Nov 22 09:15:04 EST 2015 -- REBOOT: WiFi seems up
Sun Nov 22 09:20:05 EST 2015 -- REBOOT: WiFi seems up
Sun Nov 22 09:25:04 EST 2015 -- REBOOT: WiFi seems up
Sun Nov 22 09:30:04 EST 2015 -- REBOOT: WiFi seems up
Sun Nov 22 09:35:05 EST 2015 -- REBOOT: WiFi seems up
Sun Nov 22 09:40:04 EST 2015 -- REBOOT: WiFi seems up
Sun Nov 22 09:45:04 EST 2015 -- REBOOT: WiFi seems up
Sun Nov 22 09:50:05 EST 2015 -- REBOOT: WiFi seems up
Sun Nov 22 09:55:04 EST 2015 -- REBOOT: WiFi seems up
Sun Nov 22 10:00:05 EST 2015 -- REBOOT: WiFi seems up
Sun Nov 22 10:05:04 EST 2015 -- REBOOT: WiFi seems up
Sun Nov 22 10:10:04 EST 2015 -- REBOOT: WiFi seems up
Sun Nov 22 10:15:04 EST 2015 -- REBOOT: WiFi seems up
Sun Nov 22 10:20:04 EST 2015 -- REBOOT: WiFi seems up
Sun Nov 22 10:25:05 EST 2015 -- REBOOT: WiFi seems up
Sun Nov 22 10:30:04 EST 2015 -- REBOOT: WiFi seems up
Sun Nov 22 10:35:04 EST 2015 -- REBOOT: WiFi seems up
Sun Nov 22 10:40:05 EST 2015 -- REBOOT: WiFi seems up
Sun Nov 22 10:45:05 EST 2015 -- REBOOT: WiFi seems up
Sun Nov 22 10:50:04 EST 2015 -- REBOOT: WiFi seems up
Sun Nov 22 10:55:04 EST 2015 -- REBOOT: WiFi seems up
Sun Nov 22 11:00:05 EST 2015 -- REBOOT: WiFi seems up
Sun Nov 22 11:05:04 EST 2015 -- REBOOT: WiFi seems up
Sun Nov 22 11:10:04 EST 2015 -- REBOOT: WiFi seems up
Sun Nov 22 11:15:04 EST 2015 -- REBOOT: WiFi seems up
Sun Nov 22 11:20:04 EST 2015 -- REBOOT: WiFi seems up
Sun Nov 22 11:25:04 EST 2015 -- REBOOT: WiFi seems up
Sun Nov 22 11:30:05 EST 2015 -- REBOOT: WiFi seems up
Sun Nov 22 11:35:04 EST 2015 -- REBOOT: WiFi seems up
Sun Nov 22 11:40:04 EST 2015 -- REBOOT: WiFi seems up
Sun Nov 22 11:45:05 EST 2015 -- REBOOT: WiFi seems up
Sun Nov 22 11:50:04 EST 2015 -- REBOOT: WiFi seems up
Sun Nov 22 11:55:04 EST 2015 -- REBOOT: WiFi seems up
Sun Nov 22 12:00:05 EST 2015 -- REBOOT: WiFi seems up
Sun Nov 22 12:05:04 EST 2015 -- REBOOT: WiFi seems up
Sun Nov 22 12:10:04 EST 2015 -- REBOOT: WiFi seems up
Sun Nov 22 12:15:04 EST 2015 -- REBOOT: WiFi seems up
Sun Nov 22 12:20:05 EST 2015 -- REBOOT: WiFi seems up
Sun Nov 22 12:25:04 EST 2015 -- REBOOT: WiFi seems up
Sun Nov 22 12:30:04 EST 2015 -- REBOOT: WiFi seems up
Sun Nov 22 12:35:05 EST 2015 -- REBOOT: WiFi seems up
Sun Nov 22 12:40:04 EST 2015 -- REBOOT: WiFi seems up
Sun Nov 22 12:45:04 EST 2015 -- REBOOT: WiFi seems up
Sun Nov 22 12:50:04 EST 2015 -- REBOOT: WiFi seems up
Sun Nov 22 12:55:04 EST 2015 -- REBOOT: WiFi seems up
Sun Nov 22 13:00:05 EST 2015 -- REBOOT: WiFi seems up
Sun Nov 22 13:05:05 EST 2015 -- REBOOT: WiFi seems up
Sun Nov 22 13:10:04 EST 2015 -- REBOOT: WiFi seems up
Sun Nov 22 13:15:05 EST 2015 -- REBOOT: WiFi seems up
Sun Nov 22 13:20:04 EST 2015 -- REBOOT: WiFi seems up
Sun Nov 22 13:25:04 EST 2015 -- REBOOT: WiFi seems up
Sun Nov 22 13:30:04 EST 2015 -- REBOOT: WiFi seems up
Sun Nov 22 13:35:04 EST 2015 -- REBOOT: WiFi seems up
Sun Nov 22 13:40:04 EST 2015 -- REBOOT: WiFi seems up
Sun Nov 22 13:45:04 EST 2015 -- REBOOT: WiFi seems up
Sun Nov 22 13:50:04 EST 2015 -- REBOOT: WiFi seems up
Sun Nov 22 13:55:04 EST 2015 -- REBOOT: WiFi seems up
Sun Nov 22 14:00:05 EST 2015 -- REBOOT: WiFi seems up
Sun Nov 22 14:05:04 EST 2015 -- REBOOT: WiFi seems up
Sun Nov 22 14:10:04 EST 2015 -- REBOOT: WiFi seems up
Sun Nov 22 14:15:04 EST 2015 -- REBOOT: WiFi seems up
Sun Nov 22 14:20:05 EST 2015 -- REBOOT: WiFi seems up
Sun Nov 22 14:25:04 EST 2015 -- REBOOT: WiFi seems up
Sun Nov 22 14:30:05 EST 2015 -- REBOOT: WiFi seems up
Sun Nov 22 14:35:04 EST 2015 -- REBOOT: WiFi seems up
Sun Nov 22 14:40:04 EST 2015 -- REBOOT: WiFi seems up
Sun Nov 22 14:45:04 EST 2015 -- REBOOT: WiFi seems up
Sun Nov 22 14:50:05 EST 2015 -- REBOOT: WiFi seems up
Sun Nov 22 14:55:04 EST 2015 -- REBOOT: WiFi seems up
Sun Nov 22 15:00:04 EST 2015 -- REBOOT: WiFi seems up
Sun Nov 22 15:05:04 EST 2015 -- REBOOT: WiFi seems up
Sun Nov 22 15:10:04 EST 2015 -- REBOOT: WiFi seems up
Sun Nov 22 15:15:04 EST 2015 -- REBOOT: WiFi seems up
Sun Nov 22 15:20:05 EST 2015 -- REBOOT: WiFi seems up
Sun Nov 22 15:25:04 EST 2015 -- REBOOT: WiFi seems up
Sun Nov 22 15:30:05 EST 2015 -- REBOOT: WiFi seems up
Sun Nov 22 15:35:04 EST 2015 -- REBOOT: WiFi seems up
Sun Nov 22 15:40:04 EST 2015 -- REBOOT: WiFi seems up
Sun Nov 22 15:45:04 EST 2015 -- REBOOT: WiFi seems up
Sun Nov 22 15:50:04 EST 2015 -- REBOOT: WiFi seems up
Sun Nov 22 15:55:05 EST 2015 -- REBOOT: WiFi seems up
Sun Nov 22 16:00:04 EST 2015 -- REBOOT: WiFi seems up
Sun Nov 22 16:05:05 EST 2015 -- REBOOT: WiFi seems up
Sun Nov 22 16:10:05 EST 2015 -- REBOOT: WiFi seems up
Sun Nov 22 16:15:04 EST 2015 -- REBOOT: WiFi seems up
Sun Nov 22 16:20:05 EST 2015 -- REBOOT: WiFi seems up
Sun Nov 22 16:25:04 EST 2015 -- REBOOT: WiFi seems up
Sun Nov 22 16:30:04 EST 2015 -- REBOOT: WiFi seems up
Sun Nov 22 16:35:05 EST 2015 -- REBOOT: WiFi seems up
Sun Nov 22 16:40:05 EST 2015 -- REBOOT: WiFi seems up
Sun Nov 22 16:45:05 EST 2015 -- REBOOT: WiFi seems up
Sun Nov 22 16:50:04 EST 2015 -- REBOOT: WiFi seems up
Sun Nov 22 16:55:04 EST 2015 -- REBOOT: WiFi seems up
Sun Nov 22 17:00:05 EST 2015 -- REBOOT: WiFi seems up
Sun Nov 22 17:05:04 EST 2015 -- REBOOT: WiFi seems up
Sun Nov 22 17:10:04 EST 2015 -- REBOOT: WiFi seems up
Sun Nov 22 17:15:05 EST 2015 -- REBOOT: WiFi seems up
Sun Nov 22 17:20:04 EST 2015 -- REBOOT: WiFi seems up
Sun Nov 22 17:25:05 EST 2015 -- REBOOT: WiFi seems up
Sun Nov 22 17:30:04 EST 2015 -- REBOOT: WiFi seems up
Sun Nov 22 17:35:04 EST 2015 -- REBOOT: WiFi seems up
Sun Nov 22 17:40:04 EST 2015 -- REBOOT: WiFi seems up
Sun Nov 22 17:45:04 EST 2015 -- REBOOT: WiFi seems up
Sun Nov 22 17:50:05 EST 2015 -- REBOOT: WiFi seems up
Sun Nov 22 17:55:04 EST 2015 -- REBOOT: WiFi seems up
Sun Nov 22 18:00:05 EST 2015 -- REBOOT: WiFi seems up
Sun Nov 22 18:05:04 EST 2015 -- REBOOT: WiFi seems up
Sun Nov 22 18:10:04 EST 2015 -- REBOOT: WiFi seems up
Sun Nov 22 18:15:05 EST 2015 -- REBOOT: WiFi seems up
Sun Nov 22 18:20:04 EST 2015 -- REBOOT: WiFi seems up
Sun Nov 22 18:25:04 EST 2015 -- REBOOT: WiFi seems up
Sun Nov 22 18:30:05 EST 2015 -- REBOOT: WiFi seems up
Sun Nov 22 18:35:04 EST 2015 -- REBOOT: WiFi seems up
Sun Nov 22 18:40:05 EST 2015 -- REBOOT: WiFi seems up
Sun Nov 22 18:45:05 EST 2015 -- REBOOT: WiFi seems up
Sun Nov 22 18:50:04 EST 2015 -- REBOOT: WiFi seems up
Sun Nov 22 18:55:04 EST 2015 -- REBOOT: WiFi seems up
Sun Nov 22 19:00:05 EST 2015 -- REBOOT: WiFi seems up
Sun Nov 22 19:05:05 EST 2015 -- REBOOT: WiFi seems up
Sun Nov 22 19:10:05 EST 2015 -- REBOOT: WiFi seems up
Sun Nov 22 19:15:04 EST 2015 -- REBOOT: WiFi seems up
Sun Nov 22 19:20:05 EST 2015 -- REBOOT: WiFi seems up
Sun Nov 22 19:25:05 EST 2015 -- REBOOT: WiFi seems up
Sun Nov 22 19:30:04 EST 2015 -- REBOOT: WiFi seems up
Sun Nov 22 19:35:04 EST 2015 -- REBOOT: WiFi seems up
Sun Nov 22 19:40:05 EST 2015 -- REBOOT: WiFi seems up
Sun Nov 22 19:45:04 EST 2015 -- REBOOT: WiFi seems up
Sun Nov 22 19:50:05 EST 2015 -- REBOOT: WiFi seems up
Sun Nov 22 19:55:04 EST 2015 -- REBOOT: WiFi seems up
Sun Nov 22 20:00:05 EST 2015 -- REBOOT: WiFi seems up
Sun Nov 22 20:05:04 EST 2015 -- REBOOT: WiFi seems up
Sun Nov 22 20:10:05 EST 2015 -- REBOOT: WiFi seems up
Sun Nov 22 20:15:02 EST 2015 -- REBOOT: Users logged on, exiting.
Sun Nov 22 20:20:02 EST 2015 -- REBOOT: Users logged on, exiting.
Sun Nov 22 20:25:02 EST 2015 -- REBOOT: Users logged on, exiting.
Sun Nov 22 20:30:02 EST 2015 -- REBOOT: Users logged on, exiting.
Sun Nov 22 20:35:01 EST 2015 -- REBOOT: Users logged on, exiting.
Sun Nov 22 20:40:01 EST 2015 -- REBOOT: Users logged on, exiting.
Sun Nov 22 20:45:01 EST 2015 -- REBOOT: Users logged on, exiting.
Sun Nov 22 20:50:01 EST 2015 -- REBOOT: Users logged on, exiting.
Sun Nov 22 20:55:01 EST 2015 -- REBOOT: Users logged on, exiting.
Sun Nov 22 21:00:02 EST 2015 -- REBOOT: Users logged on, exiting.
Sun Nov 22 21:05:01 EST 2015 -- REBOOT: Users logged on, exiting.
Sun Nov 22 21:10:02 EST 2015 -- REBOOT: Users logged on, exiting.
Sun Nov 22 21:15:01 EST 2015 -- REBOOT: Users logged on, exiting.
Sun Nov 22 21:20:05 EST 2015 -- REBOOT: WiFi seems up
Sun Nov 22 21:25:04 EST 2015 -- REBOOT: WiFi seems up
Sun Nov 22 21:30:05 EST 2015 -- REBOOT: WiFi seems up
Sun Nov 22 21:35:04 EST 2015 -- REBOOT: WiFi seems up
Sun Nov 22 21:40:05 EST 2015 -- REBOOT: WiFi seems up
Sun Nov 22 21:45:04 EST 2015 -- REBOOT: WiFi seems up
Sun Nov 22 21:50:04 EST 2015 -- REBOOT: WiFi seems up
Sun Nov 22 21:55:05 EST 2015 -- REBOOT: WiFi seems up
Sun Nov 22 22:00:04 EST 2015 -- REBOOT: WiFi seems up
Sun Nov 22 22:05:05 EST 2015 -- REBOOT: WiFi seems up
Sun Nov 22 22:10:04 EST 2015 -- REBOOT: WiFi seems up
Sun Nov 22 22:15:04 EST 2015 -- REBOOT: WiFi seems up
Sun Nov 22 22:20:05 EST 2015 -- REBOOT: WiFi seems up
Sun Nov 22 22:25:04 EST 2015 -- REBOOT: WiFi seems up
Sun Nov 22 22:30:05 EST 2015 -- REBOOT: WiFi seems up
Sun Nov 22 22:35:04 EST 2015 -- REBOOT: WiFi seems up
Sun Nov 22 22:40:05 EST 2015 -- REBOOT: WiFi seems up
Sun Nov 22 22:45:04 EST 2015 -- REBOOT: WiFi seems up
Sun Nov 22 22:50:05 EST 2015 -- REBOOT: WiFi seems up
Sun Nov 22 22:55:04 EST 2015 -- REBOOT: WiFi seems up
Sun Nov 22 23:00:04 EST 2015 -- REBOOT: WiFi seems up
Sun Nov 22 23:05:05 EST 2015 -- REBOOT: WiFi seems up
Sun Nov 22 23:10:04 EST 2015 -- REBOOT: WiFi seems up
Sun Nov 22 23:15:04 EST 2015 -- REBOOT: WiFi seems up
Sun Nov 22 23:20:04 EST 2015 -- REBOOT: WiFi seems up
Sun Nov 22 23:25:04 EST 2015 -- REBOOT: WiFi seems up
Sun Nov 22 23:30:05 EST 2015 -- REBOOT: WiFi seems up
Sun Nov 22 23:35:04 EST 2015 -- REBOOT: WiFi seems up
Sun Nov 22 23:40:04 EST 2015 -- REBOOT: WiFi seems up
Sun Nov 22 23:45:05 EST 2015 -- REBOOT: WiFi seems up
Sun Nov 22 23:50:04 EST 2015 -- REBOOT: WiFi seems up
Sun Nov 22 23:55:04 EST 2015 -- REBOOT: WiFi seems up
Mon Nov 23 00:00:05 EST 2015 -- REBOOT: WiFi seems up
Mon Nov 23 00:05:04 EST 2015 -- REBOOT: WiFi seems up
